This file contains any messages produced by compilers while
running configure, to aid debugging if configure makes a mistake.

It was created by BBDB configure 2.35, which was
generated by GNU Autoconf 2.63.  Invocation command line was

  $ ./configure 

## --------- ##
## Platform. ##
## --------- ##

hostname = debian
uname -m = x86_64
uname -r = 2.6.30-2-amd64
uname -s = Linux
uname -v = #1 SMP Mon Dec 7 05:21:45 UTC 2009

/usr/bin/uname -p = unknown
/bin/uname -X     = unknown

/bin/arch              = unknown
/usr/bin/arch -k       = unknown
/usr/convex/getsysinfo = unknown
/usr/bin/hostinfo      = unknown
/bin/machine           = unknown
/usr/bin/oslevel       = unknown
/bin/universe          = unknown

PATH: /usr/local/bin
PATH: /usr/bin
PATH: /bin
PATH: /usr/games


## ----------- ##
## Core tests. ##
## ----------- ##

configure:1800: checking whether make sets $(MAKE)
configure:1822: result: yes
configure:1876: checking for a BSD-compatible install
configure:1944: result: /usr/bin/install -c
configure:1955: checking whether ln -s works
configure:1959: result: yes
configure:1968: checking for rm
configure:1986: found /bin/rm
configure:1999: result: /bin/rm
configure:2009: checking for grep
configure:2027: found /bin/grep
configure:2040: result: /bin/grep
configure:2049: checking for my keys
configure:2051: result: not found
configure:2059: checking for gtar
configure:2089: result: no
configure:2059: checking for tar
configure:2075: found /bin/tar
configure:2086: result: tar
configure:2098: checking that tar is GNU tar
configure:2105: result: yes
configure:2119: checking for gzip
configure:2135: found /bin/gzip
configure:2146: result: gzip
configure:2172: checking for makeinfo
configure:2188: found /usr/bin/makeinfo
configure:2199: result: makeinfo
configure:2215: checking for texi2dvi
configure:2231: found /usr/bin/texi2dvi
configure:2242: result: texi2dvi
configure:2258: checking for etags
configure:2274: found /usr/bin/etags
configure:2285: result: etags
configure:2308: checking for emacs
configure:2326: found /usr/bin/emacs
configure:2338: result: /usr/bin/emacs
configure:2694: creating ./config.status

## ---------------------- ##
## Running config.status. ##
## ---------------------- ##

This file was extended by BBDB config.status 2.35, which was
generated by GNU Autoconf 2.63.  Invocation command line was

  CONFIG_FILES    = 
  CONFIG_HEADERS  = 
  CONFIG_LINKS    = 
  CONFIG_COMMANDS = 
  $ ./config.status 

on debian

config.status:671: creating Makefile
config.status:671: creating lisp/Makefile
config.status:671: creating texinfo/Makefile
config.status:818: WARNING:  'texinfo/Makefile.in' seems to ignore the --datarootdir setting
config.status:671: creating tex/Makefile
config.status:671: creating utils/Makefile
config.status:671: creating testing/Makefile

## ---------------- ##
## Cache variables. ##
## ---------------- ##

ac_cv_env_build_alias_set=
ac_cv_env_build_alias_value=
ac_cv_env_host_alias_set=
ac_cv_env_host_alias_value=
ac_cv_env_target_alias_set=
ac_cv_env_target_alias_value=
ac_cv_path_EMACS_PROG=/usr/bin/emacs
ac_cv_path_GREP=/bin/grep
ac_cv_path_RM=/bin/rm
ac_cv_path_install='/usr/bin/install -c'
ac_cv_prog_COMPRESS=gzip
ac_cv_prog_ETAGS=etags
ac_cv_prog_MAKEINFO=makeinfo
ac_cv_prog_TAR=tar
ac_cv_prog_TEXI2DVI=texi2dvi
ac_cv_prog_make_make_set=yes

## ----------------- ##
## Output variables. ##
## ----------------- ##

BBDB_GNUS='gnus'
BBDB_LOADPATH='./loadpath.el'
BBDB_MHE=''
BBDB_REPORTMAIL=''
BBDB_RMAIL=''
BBDB_SC='bbdb-sc.elc'
BBDB_SRV=''
BBDB_VM=''
COMPEXT='gz'
COMPRESS='gzip --verbose --best'
DEFS='-DPACKAGE_NAME=\"BBDB\" -DPACKAGE_TARNAME=\"bbdb\" -DPACKAGE_VERSION=\"2.35\" -DPACKAGE_STRING=\"BBDB\ 2.35\" -DPACKAGE_BUGREPORT=\"bbdb-info@lists.sourceforge.net\"'
ECHO_C=''
ECHO_N='-n'
ECHO_T=''
EMACS_PROG='/usr/bin/emacs'
ETAGS='etags'
GNUSDIR=''
GREP='/bin/grep'
GREPCONTEXT=''
HUSHMAKE='@'
INSTALL_DATA='${INSTALL} -m 644'
INSTALL_PROGRAM='${INSTALL}'
INSTALL_SCRIPT='${INSTALL}'
LIBOBJS=''
LIBS=''
LINKPATH=''
LN_S='ln -s'
LTLIBOBJS=''
MAKEINFO='makeinfo'
MHEDIR=''
OTHERDIRS=''
PACKAGEDIR='/usr/lib/xemacs/site-packages'
PACKAGE_BUGREPORT='bbdb-info@lists.sourceforge.net'
PACKAGE_NAME='BBDB'
PACKAGE_STRING='BBDB 2.35'
PACKAGE_TARNAME='bbdb'
PACKAGE_VERSION='2.35'
PATH_SEPARATOR=':'
RM='/bin/rm -f'
SET_MAKE=''
SHELL='/bin/bash'
SYMLINKS='no'
TAR='tar'
TEXI2DVI='texi2dvi'
VMDIR=''
bindir='${exec_prefix}/bin'
build_alias=''
datadir='${datarootdir}'
datarootdir='${prefix}/share'
docdir='${datarootdir}/doc/${PACKAGE_TARNAME}'
dvidir='${docdir}'
exec_prefix='${prefix}'
host_alias=''
htmldir='${docdir}'
includedir='${prefix}/include'
infodir='${datarootdir}/info'
libdir='${exec_prefix}/lib'
libexecdir='${exec_prefix}/libexec'
localedir='${datarootdir}/locale'
localstatedir='${prefix}/var'
mandir='${datarootdir}/man'
oldincludedir='/usr/include'
pdfdir='${docdir}'
prefix='/usr/local'
program_transform_name='s,x,x,'
psdir='${docdir}'
sbindir='${exec_prefix}/sbin'
sharedstatedir='${prefix}/com'
sysconfdir='${prefix}/etc'
target_alias=''

## ----------- ##
## confdefs.h. ##
## ----------- ##

#define PACKAGE_NAME "BBDB"
#define PACKAGE_TARNAME "bbdb"
#define PACKAGE_VERSION "2.35"
#define PACKAGE_STRING "BBDB 2.35"
#define PACKAGE_BUGREPORT "bbdb-info@lists.sourceforge.net"

configure: exit 0
